<?xml version="1.0" encoding="UTF-8"?>
<testng-results skipped="0" failed="0" ignored="0" total="1" passed="1">
  <reporter-output>
  </reporter-output>
  <suite name="Default suite" duration-ms="7369" started-at="2019-05-31T00:04:59Z" finished-at="2019-05-31T00:05:06Z">
    <groups>
    </groups>
    <test name="Default test" duration-ms="7369" started-at="2019-05-31T00:04:59Z" finished-at="2019-05-31T00:05:06Z">
      <class name="com.class2.Task">
        <test-method status="PASS" signature="setUp()[pri:0, instance:com.class2.Task@51565ec2]" name="setUp" is-config="true" duration-ms="6830" started-at="2019-05-31T00:04:59Z" finished-at="2019-05-31T00:05:06Z">
          <reporter-output>
          </reporter-output>
        </test-method> <!-- setUp -->
        <test-method status="PASS" signature="login()[pri:0, instance:com.class2.Task@51565ec2]" name="login" duration-ms="444" started-at="2019-05-31T00:05:06Z" finished-at="2019-05-31T00:05:06Z">
          <reporter-output>
          </reporter-output>
        </test-method> <!-- login -->
        <test-method status="PASS" signature="closePage()[pri:0, instance:com.class2.Task@51565ec2]" name="closePage" is-config="true" duration-ms="78" started-at="2019-05-31T00:05:06Z" finished-at="2019-05-31T00:05:06Z">
          <reporter-output>
          </reporter-output>
        </test-method> <!-- closePage -->
      </class> <!-- com.class2.Task -->
    </test> <!-- Default test -->
  </suite> <!-- Default suite -->
</testng-results>
