<?xml version="1.0" encoding="UTF-8"?>
<testng-results skipped="0" failed="0" ignored="0" total="1" passed="1">
  <reporter-output>
  </reporter-output>
  <suite name="Suite" duration-ms="5369" started-at="2019-06-12T01:55:30Z" finished-at="2019-06-12T01:55:35Z">
    <groups>
    </groups>
    <test name="ChromeTest" duration-ms="5369" started-at="2019-06-12T01:55:30Z" finished-at="2019-06-12T01:55:35Z">
      <class name="com.class5.DemoTest">
        <test-method status="PASS" signature="testCrossBrowser(java.lang.String)[pri:0, instance:com.class5.DemoTest@1593948d]" name="testCrossBrowser" duration-ms="5354" started-at="2019-06-12T01:55:30Z" finished-at="2019-06-12T01:55:35Z">
          <params>
            <param index="0">
              <value>
                <![CDATA[chrome]]>
              </value>
            </param>
          </params>
          <reporter-output>
          </reporter-output>
        </test-method> <!-- testCrossBrowser -->
      </class> <!-- com.class5.DemoTest -->
    </test> <!-- ChromeTest -->
  </suite> <!-- Suite -->
</testng-results>
