<?xml version="1.0" encoding="UTF-8"?>
<!-- Generated by org.testng.reporters.JUnitReportReporter -->
<testsuite skipped="0" hostname="DESKTOP-GS0RBFE" name="com.class01.beforeAndAfterMethod" tests="2" failures="0" timestamp="29 May 2019 01:28:29 GMT" time="0.013" errors="0">
  <testcase name="testMethodOne" time="0.011" classname="com.class01.beforeAndAfterMethod"/>
  <testcase name="testMethodTwo" time="0.002" classname="com.class01.beforeAndAfterMethod"/>
</testsuite> <!-- com.class01.beforeAndAfterMethod -->
